h:\kingpin\kingpin_src\kprad\qbsp3\release\qbsp3.bsc
h:\kingpin\kingpin_src\kprad\qbsp3\release\bspfile.sbr
h:\kingpin\kingpin_src\kprad\qbsp3\release\cmdlib.sbr
h:\kingpin\kingpin_src\kprad\qbsp3\release\lbmlib.sbr
h:\kingpin\kingpin_src\kprad\qbsp3\release\mathlib.sbr
h:\kingpin\kingpin_src\kprad\qbsp3\release\pak.sbr
h:\kingpin\kingpin_src\kprad\qbsp3\release\parsecfg.sbr
h:\kingpin\kingpin_src\kprad\qbsp3\release\polylib.sbr
h:\kingpin\kingpin_src\kprad\qbsp3\release\scriplib.sbr
h:\kingpin\kingpin_src\kprad\qbsp3\release\threads.sbr
h:\kingpin\kingpin_src\kprad\qbsp3\release\brushbsp.sbr
h:\kingpin\kingpin_src\kprad\qbsp3\release\csg.sbr
h:\kingpin\kingpin_src\kprad\qbsp3\release\faces.sbr
h:\kingpin\kingpin_src\kprad\qbsp3\release\glfile.sbr
h:\kingpin\kingpin_src\kprad\qbsp3\release\leakfile.sbr
h:\kingpin\kingpin_src\kprad\qbsp3\release\map.sbr
h:\kingpin\kingpin_src\kprad\qbsp3\release\portals.sbr
h:\kingpin\kingpin_src\kprad\qbsp3\release\prtfile.sbr
h:\kingpin\kingpin_src\kprad\qbsp3\release\qbsp3.sbr
h:\kingpin\kingpin_src\kprad\qbsp3\release\textures.sbr
h:\kingpin\kingpin_src\kprad\qbsp3\release\tree.sbr
h:\kingpin\kingpin_src\kprad\qbsp3\release\tree.obj
h:\kingpin\kingpin_src\kprad\qbsp3\release\textures.obj
h:\kingpin\kingpin_src\kprad\qbsp3\release\qbsp3.obj
h:\kingpin\kingpin_src\kprad\qbsp3\release\prtfile.obj
h:\kingpin\kingpin_src\kprad\qbsp3\release\portals.obj
h:\kingpin\kingpin_src\kprad\qbsp3\release\map.obj
h:\kingpin\kingpin_src\kprad\qbsp3\release\leakfile.obj
h:\kingpin\kingpin_src\kprad\qbsp3\release\glfile.obj
h:\kingpin\kingpin_src\kprad\qbsp3\release\faces.obj
h:\kingpin\kingpin_src\kprad\qbsp3\release\csg.obj
h:\kingpin\kingpin_src\kprad\qbsp3\release\brushbsp.obj
h:\kingpin\kingpin_src\kprad\qbsp3\release\threads.obj
h:\kingpin\kingpin_src\kprad\qbsp3\release\scriplib.obj
h:\kingpin\kingpin_src\kprad\qbsp3\release\polylib.obj
h:\kingpin\kingpin_src\kprad\qbsp3\release\parsecfg.obj
h:\kingpin\kingpin_src\kprad\qbsp3\release\pak.obj
h:\kingpin\kingpin_src\kprad\qbsp3\release\mathlib.obj
h:\kingpin\kingpin_src\kprad\qbsp3\release\lbmlib.obj
h:\kingpin\kingpin_src\kprad\qbsp3\release\cmdlib.obj
h:\kingpin\kingpin_src\kprad\qbsp3\release\bspfile.obj
h:\kingpin\kingpin_src\kprad\qbsp3\release\writebsp.sbr
h:\kingpin\kingpin_src\kprad\qbsp3\release\writebsp.obj
h:\kingpin\kingpin_src\kprad\qbsp3\release\qbsp3.ilk
h:\kingpin\kingpin_src\kprad\qbsp3\release\qbsp3.exe
h:\kingpin\kingpin_src\kprad\qbsp3\release\resource.res
h:\kingpin\kingpin_src\kprad\qbsp3\release\qbsp3.tlog\bscmake.command.1.tlog
h:\kingpin\kingpin_src\kprad\qbsp3\release\qbsp3.tlog\bscmake.read.1.tlog
h:\kingpin\kingpin_src\kprad\qbsp3\release\qbsp3.tlog\bscmake.write.1.tlog
h:\kingpin\kingpin_src\kprad\qbsp3\release\qbsp3.tlog\cl.command.1.tlog
h:\kingpin\kingpin_src\kprad\qbsp3\release\qbsp3.tlog\cl.read.1.tlog
h:\kingpin\kingpin_src\kprad\qbsp3\release\qbsp3.tlog\cl.write.1.tlog
h:\kingpin\kingpin_src\kprad\qbsp3\release\qbsp3.tlog\link.command.1.tlog
h:\kingpin\kingpin_src\kprad\qbsp3\release\qbsp3.tlog\link.read.1.tlog
h:\kingpin\kingpin_src\kprad\qbsp3\release\qbsp3.tlog\link.write.1.tlog
h:\kingpin\kingpin_src\kprad\qbsp3\release\qbsp3.tlog\rc.command.1.tlog
h:\kingpin\kingpin_src\kprad\qbsp3\release\qbsp3.tlog\rc.read.1.tlog
h:\kingpin\kingpin_src\kprad\qbsp3\release\qbsp3.tlog\rc.write.1.tlog
