h:\kingpin\kingpin_src\kprad\qvis3\release\qvis3.bsc
h:\kingpin\kingpin_src\kprad\qvis3\release\bspfile.sbr
h:\kingpin\kingpin_src\kprad\qvis3\release\cmdlib.sbr
h:\kingpin\kingpin_src\kprad\qvis3\release\mathlib.sbr
h:\kingpin\kingpin_src\kprad\qvis3\release\parsecfg.sbr
h:\kingpin\kingpin_src\kprad\qvis3\release\scriplib.sbr
h:\kingpin\kingpin_src\kprad\qvis3\release\threads.sbr
h:\kingpin\kingpin_src\kprad\qvis3\release\flow.sbr
h:\kingpin\kingpin_src\kprad\qvis3\release\qvis3.sbr
h:\kingpin\kingpin_src\kprad\qvis3\release\qvis3.obj
h:\kingpin\kingpin_src\kprad\qvis3\release\flow.obj
h:\kingpin\kingpin_src\kprad\qvis3\release\threads.obj
h:\kingpin\kingpin_src\kprad\qvis3\release\scriplib.obj
h:\kingpin\kingpin_src\kprad\qvis3\release\parsecfg.obj
h:\kingpin\kingpin_src\kprad\qvis3\release\mathlib.obj
h:\kingpin\kingpin_src\kprad\qvis3\release\cmdlib.obj
h:\kingpin\kingpin_src\kprad\qvis3\release\bspfile.obj
h:\kingpin\kingpin_src\kprad\qvis3\release\qvis3.ilk
h:\kingpin\kingpin_src\kprad\qvis3\release\qvis3.exe
h:\kingpin\kingpin_src\kprad\qvis3\release\qvis3.pdb
h:\kingpin\kingpin_src\kprad\qvis3\release\qvis3_res.res
h:\kingpin\kingpin_src\kprad\qvis3\release\qvis3.tlog\bscmake.command.1.tlog
h:\kingpin\kingpin_src\kprad\qvis3\release\qvis3.tlog\bscmake.read.1.tlog
h:\kingpin\kingpin_src\kprad\qvis3\release\qvis3.tlog\bscmake.write.1.tlog
h:\kingpin\kingpin_src\kprad\qvis3\release\qvis3.tlog\cl.command.1.tlog
h:\kingpin\kingpin_src\kprad\qvis3\release\qvis3.tlog\cl.read.1.tlog
h:\kingpin\kingpin_src\kprad\qvis3\release\qvis3.tlog\cl.write.1.tlog
h:\kingpin\kingpin_src\kprad\qvis3\release\qvis3.tlog\link.command.1.tlog
h:\kingpin\kingpin_src\kprad\qvis3\release\qvis3.tlog\link.read.1.tlog
h:\kingpin\kingpin_src\kprad\qvis3\release\qvis3.tlog\link.write.1.tlog
h:\kingpin\kingpin_src\kprad\qvis3\release\qvis3.tlog\rc.command.1.tlog
h:\kingpin\kingpin_src\kprad\qvis3\release\qvis3.tlog\rc.read.1.tlog
h:\kingpin\kingpin_src\kprad\qvis3\release\qvis3.tlog\rc.write.1.tlog
