h:\kingpin\kingpin_src\game\release\vc142.pdb
h:\kingpin\kingpin_src\game\release\g_lock.obj
h:\kingpin\kingpin_src\game\release\g_lights.obj
h:\kingpin\kingpin_src\game\release\g_jetpack.obj
h:\kingpin\kingpin_src\game\release\g_items.obj
h:\kingpin\kingpin_src\game\release\g_func.obj
h:\kingpin\kingpin_src\game\release\g_fog.obj
h:\kingpin\kingpin_src\game\release\g_ctf.obj
h:\kingpin\kingpin_src\game\release\g_crane.obj
h:\kingpin\kingpin_src\game\release\g_combat.obj
h:\kingpin\kingpin_src\game\release\g_cmds.obj
h:\kingpin\kingpin_src\game\release\g_chase.obj
h:\kingpin\kingpin_src\game\release\g_camera.obj
h:\kingpin\kingpin_src\game\release\g_ai.obj
h:\kingpin\kingpin_src\game\release\kooglebot_spawn.obj
h:\kingpin\kingpin_src\game\release\kooglebot_nodes.obj
h:\kingpin\kingpin_src\game\release\kooglebot_movement.obj
h:\kingpin\kingpin_src\game\release\kooglebot_items.obj
h:\kingpin\kingpin_src\game\release\kooglebot_compress.obj
h:\kingpin\kingpin_src\game\release\kooglebot_cmds.obj
h:\kingpin\kingpin_src\game\release\kooglebot_ai.obj
h:\kingpin\kingpin_src\game\release\g_vehicle.obj
h:\kingpin\kingpin_src\game\release\g_utils.obj
h:\kingpin\kingpin_src\game\release\g_turret.obj
h:\kingpin\kingpin_src\game\release\g_trigger.obj
h:\kingpin\kingpin_src\game\release\g_tracktrain.obj
h:\kingpin\kingpin_src\game\release\g_thing.obj
h:\kingpin\kingpin_src\game\release\g_target.obj
h:\kingpin\kingpin_src\game\release\g_svcmds.obj
h:\kingpin\kingpin_src\game\release\g_spawn.obj
h:\kingpin\kingpin_src\game\release\g_save.obj
h:\kingpin\kingpin_src\game\release\g_reflect.obj
h:\kingpin\kingpin_src\game\release\g_phys.obj
h:\kingpin\kingpin_src\game\release\g_pendulum.obj
h:\kingpin\kingpin_src\game\release\g_patchplayermodels.obj
h:\kingpin\kingpin_src\game\release\g_mtrain.obj
h:\kingpin\kingpin_src\game\release\g_moreai.obj
h:\kingpin\kingpin_src\game\release\g_monster.obj
h:\kingpin\kingpin_src\game\release\g_model.obj
h:\kingpin\kingpin_src\game\release\g_misc.obj
h:\kingpin\kingpin_src\game\release\g_main.obj
h:\kingpin\kingpin_src\game\release\m_insane.obj
h:\kingpin\kingpin_src\game\release\m_infantry.obj
h:\kingpin\kingpin_src\game\release\m_hover.obj
h:\kingpin\kingpin_src\game\release\m_gunner.obj
h:\kingpin\kingpin_src\game\release\m_gladiator.obj
h:\kingpin\kingpin_src\game\release\m_flyer.obj
h:\kingpin\kingpin_src\game\release\m_float.obj
h:\kingpin\kingpin_src\game\release\m_flipper.obj
h:\kingpin\kingpin_src\game\release\m_flash.obj
h:\kingpin\kingpin_src\game\release\m_chick.obj
h:\kingpin\kingpin_src\game\release\m_brain.obj
h:\kingpin\kingpin_src\game\release\m_boss32.obj
h:\kingpin\kingpin_src\game\release\m_boss31.obj
h:\kingpin\kingpin_src\game\release\m_boss3.obj
h:\kingpin\kingpin_src\game\release\m_boss2.obj
h:\kingpin\kingpin_src\game\release\m_berserk.obj
h:\kingpin\kingpin_src\game\release\m_actor_weap.obj
h:\kingpin\kingpin_src\game\release\m_actor.obj
h:\kingpin\kingpin_src\game\release\km_cvar.obj
h:\kingpin\kingpin_src\game\release\g_weapon.obj
h:\kingpin\kingpin_src\game\release\q_shared.obj
h:\kingpin\kingpin_src\game\release\p_weapon.obj
h:\kingpin\kingpin_src\game\release\p_view.obj
h:\kingpin\kingpin_src\game\release\p_trail.obj
h:\kingpin\kingpin_src\game\release\p_text.obj
h:\kingpin\kingpin_src\game\release\p_menu.obj
h:\kingpin\kingpin_src\game\release\p_hud.obj
h:\kingpin\kingpin_src\game\release\p_client.obj
h:\kingpin\kingpin_src\game\release\p_chase.obj
h:\kingpin\kingpin_src\game\release\m_tank.obj
h:\kingpin\kingpin_src\game\release\m_supertank.obj
h:\kingpin\kingpin_src\game\release\m_soldier.obj
h:\kingpin\kingpin_src\game\release\m_parasite.obj
h:\kingpin\kingpin_src\game\release\m_mutant.obj
h:\kingpin\kingpin_src\game\release\m_move.obj
h:\kingpin\kingpin_src\game\release\m_medic.obj
h:\kingpin\kingpin_src\game\release\gamex86.lib
h:\kingpin\kingpin_src\game\release\gamex86.exp
h:\kingpin\kingpin_src\client\release\main\gamex86.dll
h:\kingpin\kingpin_src\game\release\server.res
h:\kingpin\kingpin_src\game\release\gamex86.tlog\cl.command.1.tlog
h:\kingpin\kingpin_src\game\release\gamex86.tlog\cl.read.1.tlog
h:\kingpin\kingpin_src\game\release\gamex86.tlog\cl.write.1.tlog
h:\kingpin\kingpin_src\game\release\gamex86.tlog\gamex86.write.1u.tlog
h:\kingpin\kingpin_src\game\release\gamex86.tlog\link.command.1.tlog
h:\kingpin\kingpin_src\game\release\gamex86.tlog\link.read.1.tlog
h:\kingpin\kingpin_src\game\release\gamex86.tlog\link.write.1.tlog
h:\kingpin\kingpin_src\game\release\gamex86.tlog\rc.command.1.tlog
h:\kingpin\kingpin_src\game\release\gamex86.tlog\rc.read.1.tlog
h:\kingpin\kingpin_src\game\release\gamex86.tlog\rc.write.1.tlog
