h:\kingpin\kingpin_src\kprad\qrad3\release\qrad3.bsc
h:\kingpin\kingpin_src\kprad\qrad3\release\pak.sbr
h:\kingpin\kingpin_src\kprad\qrad3\release\bspfile.sbr
h:\kingpin\kingpin_src\kprad\qrad3\release\cmdlib.sbr
h:\kingpin\kingpin_src\kprad\qrad3\release\lbmlib.sbr
h:\kingpin\kingpin_src\kprad\qrad3\release\lightmap.sbr
h:\kingpin\kingpin_src\kprad\qrad3\release\mathlib.sbr
h:\kingpin\kingpin_src\kprad\qrad3\release\parsecfg.sbr
h:\kingpin\kingpin_src\kprad\qrad3\release\patches.sbr
h:\kingpin\kingpin_src\kprad\qrad3\release\polylib.sbr
h:\kingpin\kingpin_src\kprad\qrad3\release\qrad3.sbr
h:\kingpin\kingpin_src\kprad\qrad3\release\scriplib.sbr
h:\kingpin\kingpin_src\kprad\qrad3\release\threads.sbr
h:\kingpin\kingpin_src\kprad\qrad3\release\trace.sbr
h:\kingpin\kingpin_src\kprad\qrad3\release\trace.obj
h:\kingpin\kingpin_src\kprad\qrad3\release\threads.obj
h:\kingpin\kingpin_src\kprad\qrad3\release\scriplib.obj
h:\kingpin\kingpin_src\kprad\qrad3\release\qrad3.obj
h:\kingpin\kingpin_src\kprad\qrad3\release\polylib.obj
h:\kingpin\kingpin_src\kprad\qrad3\release\patches.obj
h:\kingpin\kingpin_src\kprad\qrad3\release\parsecfg.obj
h:\kingpin\kingpin_src\kprad\qrad3\release\mathlib.obj
h:\kingpin\kingpin_src\kprad\qrad3\release\lightmap.obj
h:\kingpin\kingpin_src\kprad\qrad3\release\lbmlib.obj
h:\kingpin\kingpin_src\kprad\qrad3\release\cmdlib.obj
h:\kingpin\kingpin_src\kprad\qrad3\release\bspfile.obj
h:\kingpin\kingpin_src\kprad\qrad3\release\pak.obj
h:\kingpin\kingpin_src\kprad\qrad3\release\qrad3.exe
h:\kingpin\kingpin_src\kprad\qrad3\release\qrad3.pdb
h:\kingpin\kingpin_src\kprad\qrad3\release\qrad3.tlog\bscmake.command.1.tlog
h:\kingpin\kingpin_src\kprad\qrad3\release\qrad3.tlog\bscmake.read.1.tlog
h:\kingpin\kingpin_src\kprad\qrad3\release\qrad3.tlog\bscmake.write.1.tlog
h:\kingpin\kingpin_src\kprad\qrad3\release\qrad3.tlog\cl.command.1.tlog
h:\kingpin\kingpin_src\kprad\qrad3\release\qrad3.tlog\cl.read.1.tlog
h:\kingpin\kingpin_src\kprad\qrad3\release\qrad3.tlog\cl.write.1.tlog
h:\kingpin\kingpin_src\kprad\qrad3\release\qrad3.tlog\link.command.1.tlog
h:\kingpin\kingpin_src\kprad\qrad3\release\qrad3.tlog\link.read.1.tlog
h:\kingpin\kingpin_src\kprad\qrad3\release\qrad3.tlog\link.write.1.tlog
