h:\kingpin\kingpin_src\client\release\vc142.pdb
h:\kingpin\kingpin_src\client\release\cl_tempent.obj
h:\kingpin\kingpin_src\client\release\cl_string.obj
h:\kingpin\kingpin_src\client\release\cl_screen.obj
h:\kingpin\kingpin_src\client\release\cl_pred.obj
h:\kingpin\kingpin_src\client\release\cl_particle.obj
h:\kingpin\kingpin_src\client\release\cl_parse.obj
h:\kingpin\kingpin_src\client\release\cl_main.obj
h:\kingpin\kingpin_src\client\release\cl_loc.obj
h:\kingpin\kingpin_src\client\release\cl_lights.obj
h:\kingpin\kingpin_src\client\release\cl_keys.obj
h:\kingpin\kingpin_src\client\release\cl_inv.obj
h:\kingpin\kingpin_src\client\release\cl_input.obj
h:\kingpin\kingpin_src\client\release\cl_http.obj
h:\kingpin\kingpin_src\client\release\cl_event.obj
h:\kingpin\kingpin_src\client\release\cl_ents.obj
h:\kingpin\kingpin_src\client\release\cl_effects.obj
h:\kingpin\kingpin_src\client\release\cl_download.obj
h:\kingpin\kingpin_src\client\release\cl_console.obj
h:\kingpin\kingpin_src\client\release\cl_cinematic.obj
h:\kingpin\kingpin_src\client\release\cl_cin.obj
h:\kingpin\kingpin_src\client\release\r_alias.obj
h:\kingpin\kingpin_src\client\release\wildcard.obj
h:\kingpin\kingpin_src\client\release\pmove.obj
h:\kingpin\kingpin_src\client\release\net_chan.obj
h:\kingpin\kingpin_src\client\release\md4.obj
h:\kingpin\kingpin_src\client\release\files.obj
h:\kingpin\kingpin_src\client\release\cvar.obj
h:\kingpin\kingpin_src\client\release\crc.obj
h:\kingpin\kingpin_src\client\release\common.obj
h:\kingpin\kingpin_src\client\release\cmodel.obj
h:\kingpin\kingpin_src\client\release\cmd.obj
h:\kingpin\kingpin_src\client\release\q_shared.obj
h:\kingpin\kingpin_src\client\release\m_flash.obj
h:\kingpin\kingpin_src\client\release\x86.obj
h:\kingpin\kingpin_src\client\release\snd_stream.obj
h:\kingpin\kingpin_src\client\release\snd_mix.obj
h:\kingpin\kingpin_src\client\release\snd_mem.obj
h:\kingpin\kingpin_src\client\release\snd_dma.obj
h:\kingpin\kingpin_src\client\release\cl_view.obj
h:\kingpin\kingpin_src\client\release\cl_utils.obj
h:\kingpin\kingpin_src\client\release\r_surface.obj
h:\kingpin\kingpin_src\client\release\r_sprite.obj
h:\kingpin\kingpin_src\client\release\r_sky.obj
h:\kingpin\kingpin_src\client\release\r_particle.obj
h:\kingpin\kingpin_src\client\release\r_model.obj
h:\kingpin\kingpin_src\client\release\r_misc.obj
h:\kingpin\kingpin_src\client\release\r_main.obj
h:\kingpin\kingpin_src\client\release\r_light.obj
h:\kingpin\kingpin_src\client\release\r_image.obj
h:\kingpin\kingpin_src\client\release\r_glstate.obj
h:\kingpin\kingpin_src\client\release\r_fragment.obj
h:\kingpin\kingpin_src\client\release\r_fog.obj
h:\kingpin\kingpin_src\client\release\r_entity.obj
h:\kingpin\kingpin_src\client\release\r_draw.obj
h:\kingpin\kingpin_src\client\release\r_bloom.obj
h:\kingpin\kingpin_src\client\release\r_beam.obj
h:\kingpin\kingpin_src\client\release\r_backend.obj
h:\kingpin\kingpin_src\client\release\r_arb_program.obj
h:\kingpin\kingpin_src\client\release\r_alias_misc.obj
h:\kingpin\kingpin_src\client\release\r_alias_md2.obj
h:\kingpin\kingpin_src\client\release\ui_mp_playersetup.obj
h:\kingpin\kingpin_src\client\release\ui_mp_joinserver.obj
h:\kingpin\kingpin_src\client\release\ui_mp_download.obj
h:\kingpin\kingpin_src\client\release\ui_mp_dmoptions.obj
h:\kingpin\kingpin_src\client\release\ui_mp_addressbook.obj
h:\kingpin\kingpin_src\client\release\ui_main.obj
h:\kingpin\kingpin_src\client\release\ui_game_saveload.obj
h:\kingpin\kingpin_src\client\release\ui_game_credits.obj
h:\kingpin\kingpin_src\client\release\ui_game.obj
h:\kingpin\kingpin_src\client\release\ui_backend.obj
h:\kingpin\kingpin_src\client\release\sv_world.obj
h:\kingpin\kingpin_src\client\release\sv_user.obj
h:\kingpin\kingpin_src\client\release\sv_send.obj
h:\kingpin\kingpin_src\client\release\sv_main.obj
h:\kingpin\kingpin_src\client\release\sv_init.obj
h:\kingpin\kingpin_src\client\release\sv_game.obj
h:\kingpin\kingpin_src\client\release\sv_ents.obj
h:\kingpin\kingpin_src\client\release\sv_ccmds.obj
h:\kingpin\kingpin_src\client\release\r_warp.obj
h:\kingpin\kingpin_src\client\release\r_vlights.obj
h:\kingpin\kingpin_src\client\release\q_shwin.obj
h:\kingpin\kingpin_src\client\release\qgl_win.obj
h:\kingpin\kingpin_src\client\release\net_wins.obj
h:\kingpin\kingpin_src\client\release\in_win.obj
h:\kingpin\kingpin_src\client\release\glw_imp.obj
h:\kingpin\kingpin_src\client\release\conproc.obj
h:\kingpin\kingpin_src\client\release\cd_win.obj
h:\kingpin\kingpin_src\client\release\ui_video_advanced.obj
h:\kingpin\kingpin_src\client\release\ui_video.obj
h:\kingpin\kingpin_src\client\release\ui_subsystem.obj
h:\kingpin\kingpin_src\client\release\ui_quit.obj
h:\kingpin\kingpin_src\client\release\ui_options_sound.obj
h:\kingpin\kingpin_src\client\release\ui_options_screen.obj
h:\kingpin\kingpin_src\client\release\ui_options_keys.obj
h:\kingpin\kingpin_src\client\release\ui_options_interface.obj
h:\kingpin\kingpin_src\client\release\ui_options_effects.obj
h:\kingpin\kingpin_src\client\release\ui_options_controls.obj
h:\kingpin\kingpin_src\client\release\ui_options.obj
h:\kingpin\kingpin_src\client\release\ui_multiplayer.obj
h:\kingpin\kingpin_src\client\release\ui_mp_startserver.obj
h:\kingpin\kingpin_src\client\release\vid_dll.obj
h:\kingpin\kingpin_src\client\release\sys_win.obj
h:\kingpin\kingpin_src\client\release\sys_console.obj
h:\kingpin\kingpin_src\client\release\snd_win.obj
h:\kingpin\kingpin_src\client\release\kingpin.exe
h:\kingpin\kingpin_src\client\release\kingpin.pdb
h:\kingpin\kingpin_src\client\release\kingpin.res
h:\kingpin\kingpin_src\client\release\..\..\client\release/kingpin.pdb
h:\kingpin\kingpin_src\client\release\kingpin.tlog\cl.command.1.tlog
h:\kingpin\kingpin_src\client\release\kingpin.tlog\cl.read.1.tlog
h:\kingpin\kingpin_src\client\release\kingpin.tlog\cl.write.1.tlog
h:\kingpin\kingpin_src\client\release\kingpin.tlog\link.command.1.tlog
h:\kingpin\kingpin_src\client\release\kingpin.tlog\link.read.1.tlog
h:\kingpin\kingpin_src\client\release\kingpin.tlog\link.write.1.tlog
h:\kingpin\kingpin_src\client\release\kingpin.tlog\rc.command.1.tlog
h:\kingpin\kingpin_src\client\release\kingpin.tlog\rc.read.1.tlog
h:\kingpin\kingpin_src\client\release\kingpin.tlog\rc.write.1.tlog
